2021-03-08 07:59:05,614 - INFO - Start working hello
2021-03-08 08:00:43,053 - INFO - Start working client
2021-03-08 08:01:15,635 - INFO - Start working client
2021-03-08 08:09:09,599 - INFO - Start working client
2021-03-08 08:09:09,619 - INFO - Function client called from invoke
2021-03-08 08:09:57,067 - INFO - Start working client
2021-03-08 08:09:57,082 - INFO - Function client called from invoke
2021-03-08 08:10:33,930 - INFO - Start working client
2021-03-08 08:10:33,958 - INFO - Function client called from invoke
2021-03-08 08:14:17,843 - INFO - Start working client
2021-03-08 08:14:17,867 - INFO - Function client called from call
2021-03-08 08:14:40,549 - INFO - Start working client
2021-03-08 08:14:40,582 - INFO - Function client called from invoke
2021-03-08 08:16:06,295 - INFO - Start working client
2021-03-08 08:16:06,314 - INFO - Function client called from invoke
2021-03-08 08:16:49,293 - INFO - Start working client
2021-03-08 08:16:49,314 - INFO - Function client called from invoke
2021-03-08 08:17:11,104 - INFO - Start working client
2021-03-08 08:17:11,138 - INFO - Function client called from invoke
2021-03-08 08:17:56,593 - INFO - Start working client
2021-03-08 08:17:56,612 - INFO - Function client called from invoke
2021-03-08 08:19:04,373 - INFO - Start working client
2021-03-08 08:19:04,411 - INFO - Function client called from invoke
2021-03-08 08:19:45,609 - INFO - Start working server
2021-03-08 08:19:45,627 - INFO - Function server called from invoke
